<?xml version="1.0" encoding="UTF-8"?>
<!-- Generated by org.testng.reporters.JUnitXMLReporter -->
<testsuite hostname="bad-PC" name="Default test" tests="3" failures="3" timestamp="9 Jul 2018 08:54:59 GMT" time="42.485" errors="0">
  <testcase name="addZuZhiJiaGou" time="9.826" classname="com.apache.urpcase.ZuzhijiagouCase01">
    <failure type="org.openqa.selenium.TimeoutException" message="Expected condition failed: waiting for By.cssSelector: .treeUl_1_span (first) (Lazy Element) (tried for 5 second(s) with 500 MILLISECONDS interval)">
      <![CDATA[org.openqa.selenium.TimeoutException: Expected condition failed: waiting for By.cssSelector: .treeUl_1_span (first) (Lazy Element) (tried for 5 second(s) with 500 MILLISECONDS interval)
	at org.openqa.selenium.support.ui.FluentWait.timeoutException(FluentWait.java:264)
	at org.openqa.selenium.support.ui.FluentWait.until(FluentWait.java:232)
	at org.fluentlenium.core.wait.FluentWait.until(FluentWait.java:152)
	at org.fluentlenium.core.hook.wait.WaitHook.findElement(WaitHook.java:88)
	at org.fluentlenium.core.proxy.ComponentHandler.getLocatorResultImpl(ComponentHandler.java:68)
	at org.fluentlenium.core.proxy.ComponentHandler.getLocatorResultImpl(ComponentHandler.java:17)
	at org.fluentlenium.core.proxy.AbstractLocatorHandler.getLocatorResult(AbstractLocatorHandler.java:140)
	at org.fluentlenium.core.proxy.AbstractLocatorHandler.invoke(AbstractLocatorHandler.java:270)
	at org.fluentlenium.core.proxy.ComponentHandler.invoke(ComponentHandler.java:98)
	at com.sun.proxy.$Proxy18.click(Unknown Source)
	at org.fluentlenium.core.domain.FluentWebElement.click(FluentWebElement.java:113)
	at com.apache.urp.page.ZuZhiJiaGouPage.clickZuZhiJiaGou_shu(ZuZhiJiaGouPage.java:43)
	at com.apache.urpcase.ZuzhijiagouCase01.addZuZhiJiaGou(ZuzhijiagouCase01.java:69)
	at sun.reflect.NativeMethodAccessorImpl.invoke0(Native Method)
	at sun.reflect.NativeMethodAccessorImpl.invoke(NativeMethodAccessorImpl.java:62)
	at sun.reflect.DelegatingMethodAccessorImpl.invoke(DelegatingMethodAccessorImpl.java:43)
	at java.lang.reflect.Method.invoke(Method.java:498)
	at org.testng.internal.MethodInvocationHelper.invokeMethod(MethodInvocationHelper.java:85)
	at org.testng.internal.Invoker.invokeMethod(Invoker.java:639)
	at org.testng.internal.Invoker.invokeTestMethod(Invoker.java:816)
	at org.testng.internal.Invoker.invokeTestMethods(Invoker.java:1124)
	at org.testng.internal.TestMethodWorker.invokeTestMethods(TestMethodWorker.java:125)
	at org.testng.internal.TestMethodWorker.run(TestMethodWorker.java:108)
	at org.testng.TestRunner.privateRun(TestRunner.java:774)
	at org.testng.TestRunner.run(TestRunner.java:624)
	at org.testng.SuiteRunner.runTest(SuiteRunner.java:359)
	at org.testng.SuiteRunner.runSequentially(SuiteRunner.java:354)
	at org.testng.SuiteRunner.privateRun(SuiteRunner.java:312)
	at org.testng.SuiteRunner.run(SuiteRunner.java:261)
	at org.testng.SuiteRunnerWorker.runSuite(SuiteRunnerWorker.java:52)
	at org.testng.SuiteRunnerWorker.run(SuiteRunnerWorker.java:86)
	at org.testng.TestNG.runSuitesSequentially(TestNG.java:1215)
	at org.testng.TestNG.runSuitesLocally(TestNG.java:1140)
	at org.testng.TestNG.run(TestNG.java:1048)
	at org.testng.remote.AbstractRemoteTestNG.run(AbstractRemoteTestNG.java:132)
	at org.testng.remote.RemoteTestNG.initAndRun(RemoteTestNG.java:230)
	at org.testng.remote.RemoteTestNG.main(RemoteTestNG.java:76)
Caused by: org.openqa.selenium.NoSuchElementException: no such element: Unable to locate element: {"method":"css selector","selector":".treeUl_1_span"}
  (Session info: chrome=60.0.3112.113)
  (Driver info: chromedriver=2.30.477700 (0057494ad8732195794a7b32078424f92a5fce41),platform=Windows NT 6.1.7600 x86_64) (WARNING: The server did not provide any stacktrace information)
Command duration or timeout: 0 milliseconds
For documentation on this error, please visit: http://seleniumhq.org/exceptions/no_such_element.html
Build info: version: '3.5.3', revision: 'a88d25fe6b', time: '2017-08-29T12:42:44.417Z'
System info: host: 'BAD-PC', ip: '192.168.71.23', os.name: 'Windows 7', os.arch: 'amd64', os.version: '6.1', java.version: '1.8.0_92'
Driver info: org.openqa.selenium.chrome.ChromeDriver
Capabilities [{applicationCacheEnabled=false, rotatable=false, mobileEmulationEnabled=false, networkConnectionEnabled=false, chrome={chromedriverVersion=2.30.477700 (0057494ad8732195794a7b32078424f92a5fce41), userDataDir=C:\Users\ADMINI~1\AppData\Local\Temp\scoped_dir10132_21665}, takesHeapSnapshot=true, pageLoadStrategy=normal, unhandledPromptBehavior=, databaseEnabled=false, handlesAlerts=true, hasTouchScreen=false, version=60.0.3112.113, platform=XP, browserConnectionEnabled=false, nativeEvents=true, acceptSslCerts=true, locationContextEnabled=true, webStorageEnabled=true, browserName=chrome, takesScreenshot=true, javascriptEnabled=true, platformName=XP, cssSelectorsEnabled=true, unexpectedAlertBehaviour=}]
Session ID: 7c83078c414b823cc3c318fec3f2a2a6
*** Element info: {Using=css selector, value=.treeUl_1_span}
	at sun.reflect.NativeConstructorAccessorImpl.newInstance0(Native Method)
	at sun.reflect.NativeConstructorAccessorImpl.newInstance(NativeConstructorAccessorImpl.java:62)
	at sun.reflect.DelegatingConstructorAccessorImpl.newInstance(DelegatingConstructorAccessorImpl.java:45)
	at java.lang.reflect.Constructor.newInstance(Constructor.java:423)
	at org.openqa.selenium.remote.ErrorHandler.createThrowable(ErrorHandler.java:215)
	at org.openqa.selenium.remote.ErrorHandler.throwIfResponseFailed(ErrorHandler.java:167)
	at org.openqa.selenium.remote.http.JsonHttpResponseCodec.reconstructValue(JsonHttpResponseCodec.java:40)
	at org.openqa.selenium.remote.http.AbstractHttpResponseCodec.decode(AbstractHttpResponseCodec.java:82)
	at org.openqa.selenium.remote.http.AbstractHttpResponseCodec.decode(AbstractHttpResponseCodec.java:45)
	at org.openqa.selenium.remote.HttpCommandExecutor.execute(HttpCommandExecutor.java:164)
	at org.openqa.selenium.remote.service.DriverCommandExecutor.execute(DriverCommandExecutor.java:82)
	at org.openqa.selenium.remote.RemoteWebDriver.execute(RemoteWebDriver.java:646)
	at org.openqa.selenium.remote.RemoteWebDriver.findElement(RemoteWebDriver.java:416)
	at org.openqa.selenium.remote.RemoteWebDriver.findElementByCssSelector(RemoteWebDriver.java:510)
	at org.openqa.selenium.By$ByCssSelector.findElement(By.java:430)
	at org.openqa.selenium.remote.RemoteWebDriver.findElement(RemoteWebDriver.java:408)
	at org.fluentlenium.core.inject.InjectionElementLocator.findElement(InjectionElementLocator.java:65)
	at org.fluentlenium.core.hook.BaseHook.findElement(BaseHook.java:52)
	at org.fluentlenium.core.hook.wait.WaitHook.access$201(WaitHook.java:17)
	at org.fluentlenium.core.hook.wait.WaitHook$2.apply(WaitHook.java:92)
	at org.fluentlenium.core.hook.wait.WaitHook$2.apply(WaitHook.java:88)
	at org.fluentlenium.core.wait.FluentWait$2.apply(FluentWait.java:155)
	at org.openqa.selenium.support.ui.FluentWait.until(FluentWait.java:209)
	... 35 more
]]>
    </failure>
  </testcase> <!-- addZuZhiJiaGou -->
  <testcase name="deleteZuZhiJiaGou" time="10.152" classname="com.apache.urpcase.ZuzhijiagouCase01">
    <failure type="org.openqa.selenium.TimeoutException" message="Expected condition failed: Element [[ChromeDriver: chrome on XP (e1ff266f6fb44b211dad4c3c03cda53f)] -&amp;gt; xpath: /html/body/div[1]/aside/section/ul/li[2]/ul/li[2]/a] is not clickable (tried for 5 second(s) with 500 MILLISECONDS interval)
Build info: version: &amp;apos;3.5.3&amp;apos;, revision: &amp;apos;a88d25fe6b&amp;apos;, time: &amp;apos;2017-08-29T12:42:44.417Z&amp;apos;
System info: host: &amp;apos;BAD-PC&amp;apos;, ip: &amp;apos;192.168.71.23&amp;apos;, os.name: &amp;apos;Windows 7&amp;apos;, os.arch: &amp;apos;amd64&amp;apos;, os.version: &amp;apos;6.1&amp;apos;, java.version: &amp;apos;1.8.0_92&amp;apos;
Driver info: driver.version: unknown">
      <![CDATA[org.openqa.selenium.TimeoutException: Expected condition failed: Element [[ChromeDriver: chrome on XP (e1ff266f6fb44b211dad4c3c03cda53f)] -> xpath: /html/body/div[1]/aside/section/ul/li[2]/ul/li[2]/a] is not clickable (tried for 5 second(s) with 500 MILLISECONDS interval)
Build info: version: '3.5.3', revision: 'a88d25fe6b', time: '2017-08-29T12:42:44.417Z'
System info: host: 'BAD-PC', ip: '192.168.71.23', os.name: 'Windows 7', os.arch: 'amd64', os.version: '6.1', java.version: '1.8.0_92'
Driver info: driver.version: unknown
	at org.openqa.selenium.support.ui.FluentWait.timeoutException(FluentWait.java:264)
	at org.openqa.selenium.support.ui.FluentWait.until(FluentWait.java:232)
	at org.fluentlenium.core.wait.FluentWait.untilPredicate(FluentWait.java:131)
	at org.fluentlenium.core.conditions.wait.WaitConditionInvocationHandler.until(WaitConditionInvocationHandler.java:139)
	at org.fluentlenium.core.conditions.wait.WaitConditionInvocationHandler.until(WaitConditionInvocationHandler.java:170)
	at org.fluentlenium.core.conditions.wait.WaitConditionInvocationHandler.waitForCondition(WaitConditionInvocationHandler.java:207)
	at org.fluentlenium.core.conditions.wait.WaitConditionInvocationHandler.invoke(WaitConditionInvocationHandler.java:185)
	at com.sun.proxy.$Proxy20.clickable(Unknown Source)
	at org.fluentlenium.core.hook.wait.WaitHook.click(WaitHook.java:44)
	at sun.reflect.NativeMethodAccessorImpl.invoke0(Native Method)
	at sun.reflect.NativeMethodAccessorImpl.invoke(NativeMethodAccessorImpl.java:62)
	at sun.reflect.DelegatingMethodAccessorImpl.invoke(DelegatingMethodAccessorImpl.java:43)
	at java.lang.reflect.Method.invoke(Method.java:498)
	at org.fluentlenium.core.proxy.AbstractLocatorHandler.invoke(AbstractLocatorHandler.java:294)
	at org.fluentlenium.core.proxy.AbstractLocatorHandler.invokeWithRetry(AbstractLocatorHandler.java:280)
	at org.fluentlenium.core.proxy.AbstractLocatorHandler.invoke(AbstractLocatorHandler.java:272)
	at org.fluentlenium.core.proxy.ComponentHandler.invoke(ComponentHandler.java:98)
	at com.sun.proxy.$Proxy18.click(Unknown Source)
	at org.fluentlenium.core.domain.FluentWebElement.click(FluentWebElement.java:113)
	at com.apache.urp.page.MainPage.clickZuZhiJiaGou(MainPage.java:46)
	at com.apache.urpcase.ZuzhijiagouCase01.deleteZuZhiJiaGou(ZuzhijiagouCase01.java:133)
	at sun.reflect.NativeMethodAccessorImpl.invoke0(Native Method)
	at sun.reflect.NativeMethodAccessorImpl.invoke(NativeMethodAccessorImpl.java:62)
	at sun.reflect.DelegatingMethodAccessorImpl.invoke(DelegatingMethodAccessorImpl.java:43)
	at java.lang.reflect.Method.invoke(Method.java:498)
	at org.testng.internal.MethodInvocationHelper.invokeMethod(MethodInvocationHelper.java:85)
	at org.testng.internal.Invoker.invokeMethod(Invoker.java:639)
	at org.testng.internal.Invoker.invokeTestMethod(Invoker.java:816)
	at org.testng.internal.Invoker.invokeTestMethods(Invoker.java:1124)
	at org.testng.internal.TestMethodWorker.invokeTestMethods(TestMethodWorker.java:125)
	at org.testng.internal.TestMethodWorker.run(TestMethodWorker.java:108)
	at org.testng.TestRunner.privateRun(TestRunner.java:774)
	at org.testng.TestRunner.run(TestRunner.java:624)
	at org.testng.SuiteRunner.runTest(SuiteRunner.java:359)
	at org.testng.SuiteRunner.runSequentially(SuiteRunner.java:354)
	at org.testng.SuiteRunner.privateRun(SuiteRunner.java:312)
	at org.testng.SuiteRunner.run(SuiteRunner.java:261)
	at org.testng.SuiteRunnerWorker.runSuite(SuiteRunnerWorker.java:52)
	at org.testng.SuiteRunnerWorker.run(SuiteRunnerWorker.java:86)
	at org.testng.TestNG.runSuitesSequentially(TestNG.java:1215)
	at org.testng.TestNG.runSuitesLocally(TestNG.java:1140)
	at org.testng.TestNG.run(TestNG.java:1048)
	at org.testng.remote.AbstractRemoteTestNG.run(AbstractRemoteTestNG.java:132)
	at org.testng.remote.RemoteTestNG.initAndRun(RemoteTestNG.java:230)
	at org.testng.remote.RemoteTestNG.main(RemoteTestNG.java:76)
]]>
    </failure>
  </testcase> <!-- deleteZuZhiJiaGou -->
  <testcase name="editZuZhiJiaGou" time="9.084" classname="com.apache.urpcase.ZuzhijiagouCase01">
    <failure type="org.openqa.selenium.TimeoutException" message="Expected condition failed: Element [[ChromeDriver: chrome on XP (0543e42b534ab22dca059e0158ff0bdf)] -&amp;gt; xpath: /html/body/div[1]/aside/section/ul/li[2]/ul/li[2]/a] is not clickable (tried for 5 second(s) with 500 MILLISECONDS interval)
Build info: version: &amp;apos;3.5.3&amp;apos;, revision: &amp;apos;a88d25fe6b&amp;apos;, time: &amp;apos;2017-08-29T12:42:44.417Z&amp;apos;
System info: host: &amp;apos;BAD-PC&amp;apos;, ip: &amp;apos;192.168.71.23&amp;apos;, os.name: &amp;apos;Windows 7&amp;apos;, os.arch: &amp;apos;amd64&amp;apos;, os.version: &amp;apos;6.1&amp;apos;, java.version: &amp;apos;1.8.0_92&amp;apos;
Driver info: driver.version: unknown">
      <![CDATA[org.openqa.selenium.TimeoutException: Expected condition failed: Element [[ChromeDriver: chrome on XP (0543e42b534ab22dca059e0158ff0bdf)] -> xpath: /html/body/div[1]/aside/section/ul/li[2]/ul/li[2]/a] is not clickable (tried for 5 second(s) with 500 MILLISECONDS interval)
Build info: version: '3.5.3', revision: 'a88d25fe6b', time: '2017-08-29T12:42:44.417Z'
System info: host: 'BAD-PC', ip: '192.168.71.23', os.name: 'Windows 7', os.arch: 'amd64', os.version: '6.1', java.version: '1.8.0_92'
Driver info: driver.version: unknown
	at org.openqa.selenium.support.ui.FluentWait.timeoutException(FluentWait.java:264)
	at org.openqa.selenium.support.ui.FluentWait.until(FluentWait.java:232)
	at org.fluentlenium.core.wait.FluentWait.untilPredicate(FluentWait.java:131)
	at org.fluentlenium.core.conditions.wait.WaitConditionInvocationHandler.until(WaitConditionInvocationHandler.java:139)
	at org.fluentlenium.core.conditions.wait.WaitConditionInvocationHandler.until(WaitConditionInvocationHandler.java:170)
	at org.fluentlenium.core.conditions.wait.WaitConditionInvocationHandler.waitForCondition(WaitConditionInvocationHandler.java:207)
	at org.fluentlenium.core.conditions.wait.WaitConditionInvocationHandler.invoke(WaitConditionInvocationHandler.java:185)
	at com.sun.proxy.$Proxy20.clickable(Unknown Source)
	at org.fluentlenium.core.hook.wait.WaitHook.click(WaitHook.java:44)
	at sun.reflect.NativeMethodAccessorImpl.invoke0(Native Method)
	at sun.reflect.NativeMethodAccessorImpl.invoke(NativeMethodAccessorImpl.java:62)
	at sun.reflect.DelegatingMethodAccessorImpl.invoke(DelegatingMethodAccessorImpl.java:43)
	at java.lang.reflect.Method.invoke(Method.java:498)
	at org.fluentlenium.core.proxy.AbstractLocatorHandler.invoke(AbstractLocatorHandler.java:294)
	at org.fluentlenium.core.proxy.AbstractLocatorHandler.invokeWithRetry(AbstractLocatorHandler.java:280)
	at org.fluentlenium.core.proxy.AbstractLocatorHandler.invoke(AbstractLocatorHandler.java:272)
	at org.fluentlenium.core.proxy.ComponentHandler.invoke(ComponentHandler.java:98)
	at com.sun.proxy.$Proxy18.click(Unknown Source)
	at org.fluentlenium.core.domain.FluentWebElement.click(FluentWebElement.java:113)
	at com.apache.urp.page.MainPage.clickZuZhiJiaGou(MainPage.java:46)
	at com.apache.urpcase.ZuzhijiagouCase01.editZuZhiJiaGou(ZuzhijiagouCase01.java:101)
	at sun.reflect.NativeMethodAccessorImpl.invoke0(Native Method)
	at sun.reflect.NativeMethodAccessorImpl.invoke(NativeMethodAccessorImpl.java:62)
	at sun.reflect.DelegatingMethodAccessorImpl.invoke(DelegatingMethodAccessorImpl.java:43)
	at java.lang.reflect.Method.invoke(Method.java:498)
	at org.testng.internal.MethodInvocationHelper.invokeMethod(MethodInvocationHelper.java:85)
	at org.testng.internal.Invoker.invokeMethod(Invoker.java:639)
	at org.testng.internal.Invoker.invokeTestMethod(Invoker.java:816)
	at org.testng.internal.Invoker.invokeTestMethods(Invoker.java:1124)
	at org.testng.internal.TestMethodWorker.invokeTestMethods(TestMethodWorker.java:125)
	at org.testng.internal.TestMethodWorker.run(TestMethodWorker.java:108)
	at org.testng.TestRunner.privateRun(TestRunner.java:774)
	at org.testng.TestRunner.run(TestRunner.java:624)
	at org.testng.SuiteRunner.runTest(SuiteRunner.java:359)
	at org.testng.SuiteRunner.runSequentially(SuiteRunner.java:354)
	at org.testng.SuiteRunner.privateRun(SuiteRunner.java:312)
	at org.testng.SuiteRunner.run(SuiteRunner.java:261)
	at org.testng.SuiteRunnerWorker.runSuite(SuiteRunnerWorker.java:52)
	at org.testng.SuiteRunnerWorker.run(SuiteRunnerWorker.java:86)
	at org.testng.TestNG.runSuitesSequentially(TestNG.java:1215)
	at org.testng.TestNG.runSuitesLocally(TestNG.java:1140)
	at org.testng.TestNG.run(TestNG.java:1048)
	at org.testng.remote.AbstractRemoteTestNG.run(AbstractRemoteTestNG.java:132)
	at org.testng.remote.RemoteTestNG.initAndRun(RemoteTestNG.java:230)
	at org.testng.remote.RemoteTestNG.main(RemoteTestNG.java:76)
]]>
    </failure>
  </testcase> <!-- editZuZhiJiaGou -->
</testsuite> <!-- Default test -->
