<?xml version="1.0" encoding="UTF-8"?>
<!-- Generated by org.testng.reporters.JUnitReportReporter -->
<testsuite hostname="Tinghinck-PC" name="com.apache.urpcase.ZuzhijiagouCase01" tests="3" failures="0" timestamp="15 Jul 2018 12:37:56 GMT" time="39.015" errors="3">
  <testcase name="addZuZhiJiaGou" time="12.655" classname="com.apache.urpcase.ZuzhijiagouCase01">
    <error type="org.openqa.selenium.TimeoutException" message="Expected condition failed: Element By.cssSelector: #seachOrgForm &gt; div &gt; input (first) ([[ChromeDriver: chrome on XP (968d8db5a0e2d5e06f6e44f71589db65)] -&gt; css selector: #seachOrgForm &gt; div &gt; input]) does not have value=&quot;测试组织名称20180715-447&quot; (tried for 3 second(s) with 500 MILLISECONDS interval)
Build info: version: &#039;3.5.3&#039;, revision: &#039;a88d25fe6b&#039;, time: &#039;2017-08-29T12:42:44.417Z&#039;
System info: host: &#039;TINGHINCK-PC&#039;, ip: &#039;192.168.32.28&#039;, os.name: &#039;Windows 7&#039;, os.arch: &#039;amd64&#039;, os.version: &#039;6.1&#039;, java.version: &#039;1.8.0_92&#039;
Driver info: driver.version: unknown">
      <![CDATA[org.openqa.selenium.TimeoutException: Expected condition failed: Element By.cssSelector: #seachOrgForm > div > input (first) ([[ChromeDriver: chrome on XP (968d8db5a0e2d5e06f6e44f71589db65)] -> css selector: #seachOrgForm > div > input]) does not have value="测试组织名称20180715-447" (tried for 3 second(s) with 500 MILLISECONDS interval)
Build info: version: '3.5.3', revision: 'a88d25fe6b', time: '2017-08-29T12:42:44.417Z'
System info: host: 'TINGHINCK-PC', ip: '192.168.32.28', os.name: 'Windows 7', os.arch: 'amd64', os.version: '6.1', java.version: '1.8.0_92'
Driver info: driver.version: unknown
	at org.openqa.selenium.support.ui.FluentWait.timeoutException(FluentWait.java:264)
	at org.openqa.selenium.support.ui.FluentWait.until(FluentWait.java:232)
	at org.fluentlenium.core.wait.FluentWait.untilPredicate(FluentWait.java:131)
	at org.fluentlenium.core.conditions.wait.WaitConditionInvocationHandler.until(WaitConditionInvocationHandler.java:139)
	at org.fluentlenium.core.conditions.wait.WaitConditionInvocationHandler.until(WaitConditionInvocationHandler.java:170)
	at org.fluentlenium.core.conditions.wait.WaitConditionInvocationHandler.waitForCondition(WaitConditionInvocationHandler.java:207)
	at org.fluentlenium.core.conditions.wait.WaitConditionInvocationHandler.invoke(WaitConditionInvocationHandler.java:185)
	at com.sun.proxy.$Proxy20.value(Unknown Source)
	at com.apache.urp.page.ZuZhiJiaGouPage.selectByZuzhimingcheng(ZuZhiJiaGouPage.java:71)
	at com.apache.urpcase.ZuzhijiagouCase01.addZuZhiJiaGou(ZuzhijiagouCase01.java:74)
	at sun.reflect.NativeMethodAccessorImpl.invoke0(Native Method)
	at sun.reflect.NativeMethodAccessorImpl.invoke(NativeMethodAccessorImpl.java:62)
	at sun.reflect.DelegatingMethodAccessorImpl.invoke(DelegatingMethodAccessorImpl.java:43)
	at java.lang.reflect.Method.invoke(Method.java:498)
	at org.testng.internal.MethodInvocationHelper.invokeMethod(MethodInvocationHelper.java:85)
	at org.testng.internal.Invoker.invokeMethod(Invoker.java:639)
	at org.testng.internal.Invoker.invokeTestMethod(Invoker.java:816)
	at org.testng.internal.Invoker.invokeTestMethods(Invoker.java:1124)
	at org.testng.internal.TestMethodWorker.invokeTestMethods(TestMethodWorker.java:125)
	at org.testng.internal.TestMethodWorker.run(TestMethodWorker.java:108)
	at org.testng.TestRunner.privateRun(TestRunner.java:774)
	at org.testng.TestRunner.run(TestRunner.java:624)
	at org.testng.SuiteRunner.runTest(SuiteRunner.java:359)
	at org.testng.SuiteRunner.runSequentially(SuiteRunner.java:354)
	at org.testng.SuiteRunner.privateRun(SuiteRunner.java:312)
	at org.testng.SuiteRunner.run(SuiteRunner.java:261)
	at org.testng.SuiteRunnerWorker.runSuite(SuiteRunnerWorker.java:52)
	at org.testng.SuiteRunnerWorker.run(SuiteRunnerWorker.java:86)
	at org.testng.TestNG.runSuitesSequentially(TestNG.java:1215)
	at org.testng.TestNG.runSuitesLocally(TestNG.java:1140)
	at org.testng.TestNG.run(TestNG.java:1048)
	at org.testng.remote.AbstractRemoteTestNG.run(AbstractRemoteTestNG.java:126)
	at org.testng.remote.RemoteTestNG.initAndRun(RemoteTestNG.java:152)
	at org.testng.remote.RemoteTestNG.main(RemoteTestNG.java:57)
]]>
    </error>
  </testcase> <!-- addZuZhiJiaGou -->
  <testcase name="editZuZhiJiaGou" time="12.985" classname="com.apache.urpcase.ZuzhijiagouCase01">
    <error type="org.openqa.selenium.TimeoutException" message="Expected condition failed: waiting for By.cssSelector: #name (first) (Lazy Element) (tried for 5 second(s) with 500 MILLISECONDS interval)">
      <![CDATA[org.openqa.selenium.TimeoutException: Expected condition failed: waiting for By.cssSelector: #name (first) (Lazy Element) (tried for 5 second(s) with 500 MILLISECONDS interval)
	at org.openqa.selenium.support.ui.FluentWait.timeoutException(FluentWait.java:264)
	at org.openqa.selenium.support.ui.FluentWait.until(FluentWait.java:232)
	at org.fluentlenium.core.wait.FluentWait.until(FluentWait.java:152)
	at org.fluentlenium.core.hook.wait.WaitHook.findElement(WaitHook.java:88)
	at org.fluentlenium.core.proxy.ComponentHandler.getLocatorResultImpl(ComponentHandler.java:68)
	at org.fluentlenium.core.proxy.ComponentHandler.getLocatorResultImpl(ComponentHandler.java:17)
	at org.fluentlenium.core.proxy.AbstractLocatorHandler.getLocatorResult(AbstractLocatorHandler.java:140)
	at org.fluentlenium.core.proxy.AbstractLocatorHandler.invoke(AbstractLocatorHandler.java:270)
	at org.fluentlenium.core.proxy.ComponentHandler.invoke(ComponentHandler.java:98)
	at com.sun.proxy.$Proxy18.getTagName(Unknown Source)
	at org.fluentlenium.core.domain.FluentWebElement.tagName(FluentWebElement.java:376)
	at org.fluentlenium.core.domain.FluentWebElement.isInputOfTypeFile(FluentWebElement.java:511)
	at org.fluentlenium.core.domain.FluentWebElement.clear(FluentWebElement.java:223)
	at com.apache.urp.page.ZuZhiJiaGouPage.edit(ZuZhiJiaGouPage.java:106)
	at com.apache.urpcase.ZuzhijiagouCase01.editZuZhiJiaGou(ZuzhijiagouCase01.java:110)
	at sun.reflect.NativeMethodAccessorImpl.invoke0(Native Method)
	at sun.reflect.NativeMethodAccessorImpl.invoke(NativeMethodAccessorImpl.java:62)
	at sun.reflect.DelegatingMethodAccessorImpl.invoke(DelegatingMethodAccessorImpl.java:43)
	at java.lang.reflect.Method.invoke(Method.java:498)
	at org.testng.internal.MethodInvocationHelper.invokeMethod(MethodInvocationHelper.java:85)
	at org.testng.internal.Invoker.invokeMethod(Invoker.java:639)
	at org.testng.internal.Invoker.invokeTestMethod(Invoker.java:816)
	at org.testng.internal.Invoker.invokeTestMethods(Invoker.java:1124)
	at org.testng.internal.TestMethodWorker.invokeTestMethods(TestMethodWorker.java:125)
	at org.testng.internal.TestMethodWorker.run(TestMethodWorker.java:108)
	at org.testng.TestRunner.privateRun(TestRunner.java:774)
	at org.testng.TestRunner.run(TestRunner.java:624)
	at org.testng.SuiteRunner.runTest(SuiteRunner.java:359)
	at org.testng.SuiteRunner.runSequentially(SuiteRunner.java:354)
	at org.testng.SuiteRunner.privateRun(SuiteRunner.java:312)
	at org.testng.SuiteRunner.run(SuiteRunner.java:261)
	at org.testng.SuiteRunnerWorker.runSuite(SuiteRunnerWorker.java:52)
	at org.testng.SuiteRunnerWorker.run(SuiteRunnerWorker.java:86)
	at org.testng.TestNG.runSuitesSequentially(TestNG.java:1215)
	at org.testng.TestNG.runSuitesLocally(TestNG.java:1140)
	at org.testng.TestNG.run(TestNG.java:1048)
	at org.testng.remote.AbstractRemoteTestNG.run(AbstractRemoteTestNG.java:126)
	at org.testng.remote.RemoteTestNG.initAndRun(RemoteTestNG.java:152)
	at org.testng.remote.RemoteTestNG.main(RemoteTestNG.java:57)
Caused by: org.openqa.selenium.NoSuchElementException: no such element: Unable to locate element: {"method":"css selector","selector":"#name"}
  (Session info: chrome=60.0.3112.113)
  (Driver info: chromedriver=2.30.477700 (0057494ad8732195794a7b32078424f92a5fce41),platform=Windows NT 6.1.7600 x86_64) (WARNING: The server did not provide any stacktrace information)
Command duration or timeout: 0 milliseconds
For documentation on this error, please visit: http://seleniumhq.org/exceptions/no_such_element.html
Build info: version: '3.5.3', revision: 'a88d25fe6b', time: '2017-08-29T12:42:44.417Z'
System info: host: 'TINGHINCK-PC', ip: '192.168.32.28', os.name: 'Windows 7', os.arch: 'amd64', os.version: '6.1', java.version: '1.8.0_92'
Driver info: org.openqa.selenium.chrome.ChromeDriver
Capabilities [{applicationCacheEnabled=false, rotatable=false, mobileEmulationEnabled=false, networkConnectionEnabled=false, chrome={chromedriverVersion=2.30.477700 (0057494ad8732195794a7b32078424f92a5fce41), userDataDir=C:\Users\ADMINI~1\AppData\Local\Temp\scoped_dir3852_24821}, takesHeapSnapshot=true, pageLoadStrategy=normal, unhandledPromptBehavior=, databaseEnabled=false, handlesAlerts=true, hasTouchScreen=false, version=60.0.3112.113, platform=XP, browserConnectionEnabled=false, nativeEvents=true, acceptSslCerts=true, locationContextEnabled=true, webStorageEnabled=true, browserName=chrome, takesScreenshot=true, javascriptEnabled=true, platformName=XP, cssSelectorsEnabled=true, unexpectedAlertBehaviour=}]
Session ID: 2e12e66569f4058ce4c102bb821e830c
*** Element info: {Using=css selector, value=#name}
	at sun.reflect.NativeConstructorAccessorImpl.newInstance0(Native Method)
	at sun.reflect.NativeConstructorAccessorImpl.newInstance(NativeConstructorAccessorImpl.java:62)
	at sun.reflect.DelegatingConstructorAccessorImpl.newInstance(DelegatingConstructorAccessorImpl.java:45)
	at java.lang.reflect.Constructor.newInstance(Constructor.java:423)
	at org.openqa.selenium.remote.ErrorHandler.createThrowable(ErrorHandler.java:215)
	at org.openqa.selenium.remote.ErrorHandler.throwIfResponseFailed(ErrorHandler.java:167)
	at org.openqa.selenium.remote.http.JsonHttpResponseCodec.reconstructValue(JsonHttpResponseCodec.java:40)
	at org.openqa.selenium.remote.http.AbstractHttpResponseCodec.decode(AbstractHttpResponseCodec.java:82)
	at org.openqa.selenium.remote.http.AbstractHttpResponseCodec.decode(AbstractHttpResponseCodec.java:45)
	at org.openqa.selenium.remote.HttpCommandExecutor.execute(HttpCommandExecutor.java:164)
	at org.openqa.selenium.remote.service.DriverCommandExecutor.execute(DriverCommandExecutor.java:82)
	at org.openqa.selenium.remote.RemoteWebDriver.execute(RemoteWebDriver.java:646)
	at org.openqa.selenium.remote.RemoteWebDriver.findElement(RemoteWebDriver.java:416)
	at org.openqa.selenium.remote.RemoteWebDriver.findElementByCssSelector(RemoteWebDriver.java:510)
	at org.openqa.selenium.By$ByCssSelector.findElement(By.java:430)
	at org.openqa.selenium.remote.RemoteWebDriver.findElement(RemoteWebDriver.java:408)
	at org.fluentlenium.core.inject.InjectionElementLocator.findElement(InjectionElementLocator.java:65)
	at org.fluentlenium.core.hook.BaseHook.findElement(BaseHook.java:52)
	at org.fluentlenium.core.hook.wait.WaitHook.access$201(WaitHook.java:17)
	at org.fluentlenium.core.hook.wait.WaitHook$2.apply(WaitHook.java:92)
	at org.fluentlenium.core.hook.wait.WaitHook$2.apply(WaitHook.java:88)
	at org.fluentlenium.core.wait.FluentWait$2.apply(FluentWait.java:155)
	at org.openqa.selenium.support.ui.FluentWait.until(FluentWait.java:209)
	... 37 more
]]>
    </error>
  </testcase> <!-- editZuZhiJiaGou -->
  <testcase name="deleteZuZhiJiaGou" time="13.375" classname="com.apache.urpcase.ZuzhijiagouCase01">
    <error type="org.openqa.selenium.TimeoutException" message="Expected condition failed: Element [[ChromeDriver: chrome on XP (efc07fa294fc512559034f807f40cdcc)] -&gt; xpath: //*[@id=&quot;orgContent&quot;]/section/div/div/div/div[2]/div/table/tbody/tr[2]/td[5]/a[3]] is not clickable (tried for 5 second(s) with 500 MILLISECONDS interval)">
      <![CDATA[org.openqa.selenium.TimeoutException: Expected condition failed: Element [[ChromeDriver: chrome on XP (efc07fa294fc512559034f807f40cdcc)] -> xpath: //*[@id="orgContent"]/section/div/div/div/div[2]/div/table/tbody/tr[2]/td[5]/a[3]] is not clickable (tried for 5 second(s) with 500 MILLISECONDS interval)
	at org.openqa.selenium.support.ui.FluentWait.timeoutException(FluentWait.java:264)
	at org.openqa.selenium.support.ui.FluentWait.until(FluentWait.java:232)
	at org.fluentlenium.core.wait.FluentWait.untilPredicate(FluentWait.java:131)
	at org.fluentlenium.core.conditions.wait.WaitConditionInvocationHandler.until(WaitConditionInvocationHandler.java:139)
	at org.fluentlenium.core.conditions.wait.WaitConditionInvocationHandler.until(WaitConditionInvocationHandler.java:170)
	at org.fluentlenium.core.conditions.wait.WaitConditionInvocationHandler.waitForCondition(WaitConditionInvocationHandler.java:207)
	at org.fluentlenium.core.conditions.wait.WaitConditionInvocationHandler.invoke(WaitConditionInvocationHandler.java:185)
	at com.sun.proxy.$Proxy20.clickable(Unknown Source)
	at org.fluentlenium.core.hook.wait.WaitHook.click(WaitHook.java:44)
	at sun.reflect.GeneratedMethodAccessor6.invoke(Unknown Source)
	at sun.reflect.DelegatingMethodAccessorImpl.invoke(DelegatingMethodAccessorImpl.java:43)
	at java.lang.reflect.Method.invoke(Method.java:498)
	at org.fluentlenium.core.proxy.AbstractLocatorHandler.invoke(AbstractLocatorHandler.java:294)
	at org.fluentlenium.core.proxy.AbstractLocatorHandler.invokeWithRetry(AbstractLocatorHandler.java:280)
	at org.fluentlenium.core.proxy.AbstractLocatorHandler.invoke(AbstractLocatorHandler.java:272)
	at org.fluentlenium.core.proxy.ComponentHandler.invoke(ComponentHandler.java:98)
	at com.sun.proxy.$Proxy18.click(Unknown Source)
	at org.fluentlenium.core.domain.FluentWebElement.click(FluentWebElement.java:113)
	at com.apache.urp.page.ZuZhiJiaGouPage.clickDelete(ZuZhiJiaGouPage.java:115)
	at com.apache.urpcase.ZuzhijiagouCase01.deleteZuZhiJiaGou(ZuzhijiagouCase01.java:145)
	at sun.reflect.NativeMethodAccessorImpl.invoke0(Native Method)
	at sun.reflect.NativeMethodAccessorImpl.invoke(NativeMethodAccessorImpl.java:62)
	at sun.reflect.DelegatingMethodAccessorImpl.invoke(DelegatingMethodAccessorImpl.java:43)
	at java.lang.reflect.Method.invoke(Method.java:498)
	at org.testng.internal.MethodInvocationHelper.invokeMethod(MethodInvocationHelper.java:85)
	at org.testng.internal.Invoker.invokeMethod(Invoker.java:639)
	at org.testng.internal.Invoker.invokeTestMethod(Invoker.java:816)
	at org.testng.internal.Invoker.invokeTestMethods(Invoker.java:1124)
	at org.testng.internal.TestMethodWorker.invokeTestMethods(TestMethodWorker.java:125)
	at org.testng.internal.TestMethodWorker.run(TestMethodWorker.java:108)
	at org.testng.TestRunner.privateRun(TestRunner.java:774)
	at org.testng.TestRunner.run(TestRunner.java:624)
	at org.testng.SuiteRunner.runTest(SuiteRunner.java:359)
	at org.testng.SuiteRunner.runSequentially(SuiteRunner.java:354)
	at org.testng.SuiteRunner.privateRun(SuiteRunner.java:312)
	at org.testng.SuiteRunner.run(SuiteRunner.java:261)
	at org.testng.SuiteRunnerWorker.runSuite(SuiteRunnerWorker.java:52)
	at org.testng.SuiteRunnerWorker.run(SuiteRunnerWorker.java:86)
	at org.testng.TestNG.runSuitesSequentially(TestNG.java:1215)
	at org.testng.TestNG.runSuitesLocally(TestNG.java:1140)
	at org.testng.TestNG.run(TestNG.java:1048)
	at org.testng.remote.AbstractRemoteTestNG.run(AbstractRemoteTestNG.java:126)
	at org.testng.remote.RemoteTestNG.initAndRun(RemoteTestNG.java:152)
	at org.testng.remote.RemoteTestNG.main(RemoteTestNG.java:57)
Caused by: org.openqa.selenium.StaleElementReferenceException: stale element reference: element is not attached to the page document
  (Session info: chrome=60.0.3112.113)
  (Driver info: chromedriver=2.30.477700 (0057494ad8732195794a7b32078424f92a5fce41),platform=Windows NT 6.1.7600 x86_64) (WARNING: The server did not provide any stacktrace information)
Command duration or timeout: 0 milliseconds
For documentation on this error, please visit: http://seleniumhq.org/exceptions/stale_element_reference.html
Build info: version: '3.5.3', revision: 'a88d25fe6b', time: '2017-08-29T12:42:44.417Z'
System info: host: 'TINGHINCK-PC', ip: '192.168.32.28', os.name: 'Windows 7', os.arch: 'amd64', os.version: '6.1', java.version: '1.8.0_92'
Driver info: org.openqa.selenium.chrome.ChromeDriver
Capabilities [{applicationCacheEnabled=false, rotatable=false, mobileEmulationEnabled=false, networkConnectionEnabled=false, chrome={chromedriverVersion=2.30.477700 (0057494ad8732195794a7b32078424f92a5fce41), userDataDir=C:\Users\ADMINI~1\AppData\Local\Temp\scoped_dir4508_2449}, takesHeapSnapshot=true, pageLoadStrategy=normal, unhandledPromptBehavior=, databaseEnabled=false, handlesAlerts=true, hasTouchScreen=false, version=60.0.3112.113, platform=XP, browserConnectionEnabled=false, nativeEvents=true, acceptSslCerts=true, locationContextEnabled=true, webStorageEnabled=true, browserName=chrome, takesScreenshot=true, javascriptEnabled=true, platformName=XP, cssSelectorsEnabled=true, unexpectedAlertBehaviour=}]
Session ID: efc07fa294fc512559034f807f40cdcc
	at sun.reflect.NativeConstructorAccessorImpl.newInstance0(Native Method)
	at sun.reflect.NativeConstructorAccessorImpl.newInstance(NativeConstructorAccessorImpl.java:62)
	at sun.reflect.DelegatingConstructorAccessorImpl.newInstance(DelegatingConstructorAccessorImpl.java:45)
	at java.lang.reflect.Constructor.newInstance(Constructor.java:423)
	at org.openqa.selenium.remote.ErrorHandler.createThrowable(ErrorHandler.java:215)
	at org.openqa.selenium.remote.ErrorHandler.throwIfResponseFailed(ErrorHandler.java:167)
	at org.openqa.selenium.remote.http.JsonHttpResponseCodec.reconstructValue(JsonHttpResponseCodec.java:40)
	at org.openqa.selenium.remote.http.AbstractHttpResponseCodec.decode(AbstractHttpResponseCodec.java:82)
	at org.openqa.selenium.remote.http.AbstractHttpResponseCodec.decode(AbstractHttpResponseCodec.java:45)
	at org.openqa.selenium.remote.HttpCommandExecutor.execute(HttpCommandExecutor.java:164)
	at org.openqa.selenium.remote.service.DriverCommandExecutor.execute(DriverCommandExecutor.java:82)
	at org.openqa.selenium.remote.RemoteWebDriver.execute(RemoteWebDriver.java:646)
	at org.openqa.selenium.remote.RemoteWebElement.execute(RemoteWebElement.java:275)
	at org.openqa.selenium.remote.RemoteWebElement.isDisplayed(RemoteWebElement.java:316)
	at org.openqa.selenium.support.ui.ExpectedConditions.elementIfVisible(ExpectedConditions.java:302)
	at org.openqa.selenium.support.ui.ExpectedConditions.access$100(ExpectedConditions.java:44)
	at org.openqa.selenium.support.ui.ExpectedConditions$10.apply(ExpectedConditions.java:288)
	at org.openqa.selenium.support.ui.ExpectedConditions$10.apply(ExpectedConditions.java:285)
	at org.openqa.selenium.support.ui.ExpectedConditions$23.apply(ExpectedConditions.java:673)
	at org.openqa.selenium.support.ui.ExpectedConditions$23.apply(ExpectedConditions.java:669)
	at org.fluentlenium.core.domain.FluentWebElement.clickable(FluentWebElement.java:357)
	at org.fluentlenium.core.conditions.AbstractObjectConditions.verify(AbstractObjectConditions.java:36)
	at org.fluentlenium.core.conditions.WebElementConditions.clickable(WebElementConditions.java:48)
	at sun.reflect.GeneratedMethodAccessor5.invoke(Unknown Source)
	at sun.reflect.DelegatingMethodAccessorImpl.invoke(DelegatingMethodAccessorImpl.java:43)
	at java.lang.reflect.Method.invoke(Method.java:498)
	at org.fluentlenium.core.conditions.wait.WaitConditionInvocationHandler.lambda$waitForCondition$4(WaitConditionInvocationHandler.java:209)
	at org.fluentlenium.core.conditions.wait.WaitConditionInvocationHandler.lambda$until$1(WaitConditionInvocationHandler.java:151)
	at org.openqa.selenium.support.ui.FluentWait.until(FluentWait.java:209)
	... 42 more
]]>
    </error>
  </testcase> <!-- deleteZuZhiJiaGou -->
</testsuite> <!-- com.apache.urpcase.ZuzhijiagouCase01 -->
